| 3 1 2 | 8 4 6 | 7 9 5 |
| 9 8 7 | 1 2 5 | 6 3 4 |
* ----- + ----- + ----- *
| 5 3 1 | 2 7 4 | 9 6 8 |
| 4 2 8 | 5 6 9 | 3 1 7 |
| 7 9 6 | 3 8 1 | 4 5 2 |
* ----- + ----- + ----- *

Unpacking...
The 192th solution:
* ----- + ----- + ----- *
| 8 1 9 | 7 3 2 | 5 4 6 |
| 2 4 3 | 6 5 8 | 1 7 9 |
| 6 7 5 | 4 9 1 | 2 8 3 |
* ----- + ----- + ----- *
| 3 5 4 | 9 8 7 | 6 2 1 |
| 1 8 2 | 3 4 6 | 7 9 5 |
| 9 6 7 | 1 2 5 | 8 3 4 |
* ----- + ----- + ----- *
| 5 3 1 | 2 7 4 | 9 6 8 |
| 4 2 8 | 5 6 9 | 3 1 7 |
| 7 9 6 | 8 1 3 | 4 5 2 |
* ----- + ----- + ----- *

Unpacking...
The 193th solution:
* ----- + ----- + ----- *
| 8 1 9 | 7 3 2 | 5 4 6 |
| 2 4 3 | 6 5 8 | 1 7 9 |
| 6 7 5 | 4 9 1 | 2 8 3 |
* ----- + ----- + ----- *
| 1 5 4 | 3 8 7 | 6 9 2 |
| 3 8 2 | 9 4 6 | 7 5 1 |
| 9 6 7 | 1 2 5 | 8 3 4 |
* ----- + ----- + ----- *
| 5 3 1 | 2 7 4 | 9 6 8 |
| 4 2 8 | 5 6 9 | 3 1 7 |
| 7 9 6 | 8 1 3 | 4 2 5 |
* ----- + ----- + ----- *

Unpacking...
The 194th solution:
* ----- + ----- + ----- *
| 8 6 9 | 7 5 2 | 1 4 3 |
| 2 4 3 | 6 8 1 | 5 7 9 |
| 1 7 5 | 4 9 3 | 2 8 6 |
* ----- + ----- + ----- *
| 6 5 4 | 9 3 7 | 8 2 1 |
| 3 1 2 | 8 4 6 | 7 9 5 |
| 9 8 7 | 1 2 5 | 6 3 4 |
* ----- + ----- + ----- *
| 5 3 1 | 2 7 4 | 9 6 8 |
| 4 2 8 | 5 6 9 | 3 1 7 |
| 7 9 6 | 3 1 8 | 4 5 2 |
* ----- + ----- + ----- *

Unpacking...
The 195th solution:
* ----- + ----- + ----- *
| 8 1 4 | 7 5 2 | 6 9 3 |
| 9 2 3 | 6 1 8 | 5 7 4 |
| 6 7 5 | 4 9 3 | 2 8 1 |
* ----- + ----- + ----- *
| 3 5 2 | 9 8 7 | 1 4 6 |
| 1 8 9 | 3 4 6 | 7 2 5 |
| 4 6 7 | 1 2 5 | 8 3 9 |
* ----- + ----- + ----- *
| 5 4 1 | 2 7 9 | 3 6 8 |
| 2 3 8 | 5 6 4 | 9 1 7 |
| 7 9 6 | 8 3 1 | 4 5 2 |
* ----- + ----- + ----- *

Unpacking...
The 196th solution:
* ----- + ----- + ----- *
| 8 1 9 | 7 5 2 | 6 4 3 |
| 4 2 3 | 6 1 8 | 5 7 9 |
| 6 7 5 | 4 9 3 | 2 8 1 |
* ----- + ----- + ----- *
| 3 5 4 | 9 8 7 | 1 2 6 |
| 1 8 2 | 3 4 6 | 7 9 5 |
| 9 6 7 | 1 2 5 | 8 3 4 |
* ----- + ----- + ----- *
| 5 4 1 | 2 7 9 | 3 6 8 |
| 2 3 8 | 5 6 4 | 9 1 7 |
| 7 9 6 | 8 3 1 | 4 5 2 |
* ----- + ----- + ----- *

Unpacking...
The 197th solution:
* ----- + ----- + ----- *
| 8 1 4 | 7 5 2 | 6 9 3 |
| 9 2 3 | 6 1 8 | 5 7 4 |
| 6 7 5 | 4 9 3 | 2 8 1 |
* ----- + ----- + ----- *
| 3 5 2 | 9 8 7 | 1 4 6 |
| 1 8 9 | 3 4 6 | 7 5 2 |
| 4 6 7 | 1 2 5 | 8 3 9 |
* ----- + ----- + ----- *
| 5 4 1 | 2 7 9 | 3 6 8 |
| 2 3 8 | 5 6 4 | 9 1 7 |
| 7 9 6 | 8 3 1 | 4 2 5 |
* ----- + ----- + ----- *

Unpacking...
The 198th solution:
* ----- + ----- + ----- *
| 8 6 4 | 7 5 2 | 1 9 3 |
| 9 2 3 | 6 1 8 | 5 7 4 |
| 1 7 5 | 4 9 3 | 2 8 6 |
* ----- + ----- + ----- *
| 6 5 2 | 9 3 7 | 8 4 1 |
| 3 1 9 | 8 4 6 | 7 2 5 |
| 4 8 7 | 1 2 5 | 6 3 9 |
* ----- + ----- + ----- *
| 5 4 1 | 2 7 9 | 3 6 8 |
| 2 3 8 | 5 6 4 | 9 1 7 |
| 7 9 6 | 3 8 1 | 4 5 2 |
* ----- + ----- + ----- *

Unpacking...
The 199th solution:
* ----- + ----- + ----- *
| 8 6 4 | 7 1 2 | 5 9 3 |
| 9 2 3 | 6 5 8 | 1 7 4 |
| 1 7 5 | 4 9 3 | 2 8 6 |
* ----- + ----- + ----- *
| 6 5 2 | 9 3 7 | 8 4 1 |
| 3 1 9 | 8 4 6 | 7 2 5 |
| 4 8 7 | 1 2 5 | 6 3 9 |
* ----- + ----- + ----- *
| 5 4 1 | 2 7 9 | 3 6 8 |
| 2 3 8 | 5 6 4 | 9 1 7 |
| 7 9 6 | 3 8 1 | 4 5 2 |
* ----- + ----- + ----- *

Unpacking...
The 200th solution:
* ----- + ----- + ----- *
| 8 6 9 | 7 5 2 | 1 4 3 |
| 4 2 3 | 6 1 8 | 5 7 9 |
| 1 7 5 | 4 9 3 | 2 8 6 |
* ----- + ----- + ----- *
| 6 5 4 | 9 3 7 | 8 2 1 |
| 3 1 2 | 8 4 6 | 7 9 5 |
| 9 8 7 | 1 2 5 | 6 3 4 |
* ----- + ----- + ----- *
| 5 4 1 | 2 7 9 | 3 6 8 |
| 2 3 8 | 5 6 4 | 9 1 7 |
| 7 9 6 | 3 8 1 | 4 5 2 |
* ----- + ----- + ----- *

Unpacking...
The 201th solution:
* ----- + ----- + ----- *
| 8 6 9 | 7 1 2 | 5 4 3 |
| 4 2 3 | 6 5 8 | 1 7 9 |
| 1 7 5 | 4 9 3 | 2 8 6 |
* ----- + ----- + ----- *
| 6 5 4 | 9 3 7 | 8 2 1 |
| 3 1 2 | 8 4 6 | 7 9 5 |
| 9 8 7 | 1 2 5 | 6 3 4 |
* ----- + ----- + ----- *
| 5 4 1 | 2 7 9 | 3 6 8 |
| 2 3 8 | 5 6 4 | 9 1 7 |
| 7 9 6 | 3 8 1 | 4 5 2 |
* ----- + ----- + ----- *

Unpacking...
The 202th solution:
* ----- + ----- + ----- *
| 8 6 4 | 7 5 2 | 1 9 3 |
| 9 2 3 | 6 1 8 | 5 7 4 |
| 1 7 5 | 4 9 3 | 2 8 6 |
* ----- + ----- + ----- *
| 6 5 2 | 9 3 7 | 8 4 1 |
| 3 1 9 | 8 4 6 | 7 5 2 |
| 4 8 7 | 1 2 5 | 6 3 9 |
* ----- + ----- + ----- *
| 5 4 1 | 2 7 9 | 3 6 8 |
| 2 3 8 | 5 6 4 | 9 1 7 |
| 7 9 6 | 3 8 1 | 4 2 5 |
* ----- + ----- + ----- *

Unpacking...
The 203th solution:
* ----- + ----- + ----- *
| 8 6 4 | 7 1 2 | 5 9 3 |
| 9 2 3 | 6 5 8 | 1 7 4 |
| 1 7 5 | 4 9 3 | 2 8 6 |
* ----- + ----- + ----- *
| 6 5 2 | 9 3 7 | 8 4 1 |
| 3 1 9 | 8 4 6 | 7 5 2 |
| 4 8 7 | 1 2 5 | 6 3 9 |
* ----- + ----- + ----- *
| 5 4 1 | 2 7 9 | 3 6 8 |
| 2 3 8 | 5 6 4 | 9 1 7 |
| 7 9 6 | 3 8 1 | 4 2 5 |
* ----- + ----- + ----- *

Unpacking...
The 204th solution:
* ----- + ----- + ----- *
| 8 1 4 | 7 3 2 | 5 9 6 |
| 9 2 3 | 6 5 8 | 1 7 4 |
| 6 7 5 | 4 9 1 | 2 8 3 |
* ----- + ----- + ----- *
| 3 5 2 | 9 8 7 | 6 4 1 |
| 1 8 9 | 3 4 6 | 7 2 5 |
| 4 6 7 | 1 2 5 | 8 3 9 |
* ----- + ----- + ----- *
| 5 4 1 | 2 7 9 | 3 6 8 |
| 2 3 8 | 5 6 4 | 9 1 7 |
| 7 9 6 | 8 1 3 | 4 5 2 |
* ----- + ----- + ----- *

Unpacking...
The 205th solution:
* ----- + ----- + ----- *
| 8 1 9 | 7 3 2 | 5 4 6 |
| 4 2 3 | 6 5 8 | 1 7 9 |
| 6 7 5 | 4 9 1 | 2 8 3 |
* ----- + ----- + ----- *
| 3 5 4 | 9 8 7 | 6 2 1 |
| 1 8 2 | 3 4 6 | 7 9 5 |
| 9 6 7 | 1 2 5 | 8 3 4 |
* ----- + ----- + ----- *
| 5 4 1 | 2 7 9 | 3 6 8 |
| 2 3 8 | 5 6 4 | 9 1 7 |
| 7 9 6 | 8 1 3 | 4 5 2 |
* ----- + ----- + ----- *

Unpacking...
The 206th solution:
* ----- + ----- + ----- *
| 8 1 4 | 7 3 2 | 5 9 6 |
| 9 2 3 | 6 5 8 | 1 7 4 |
| 6 7 5 | 4 9 1 | 2 8 3 |
* ----- + ----- + ----- *
| 1 5 9 | 3 8 7 | 6 4 2 |
| 3 8 2 | 9 4 6 | 7 5 1 |
| 4 6 7 | 1 2 5 | 8 3 9 |
* ----- + ----- + ----- *
| 5 4 1 | 2 7 9 | 3 6 8 |
| 2 3 8 | 5 6 4 | 9 1 7 |
| 7 9 6 | 8 1 3 | 4 2 5 |
* ----- + ----- + ----- *

Unpacking...
The 207th solution:
* ----- + ----- + ----- *
| 8 1 4 | 7 3 2 | 5 9 6 |
| 9 2 3 | 6 5 8 | 1 7 4 |
| 6 7 5 | 4 9 1 | 2 8 3 |
* ----- + ----- + ----- *
| 3 5 2 | 9 8 7 | 6 4 1 |
| 1 8 9 | 3 4 6 | 7 5 2 |
| 4 6 7 | 1 2 5 | 8 3 9 |
* ----- + ----- + ----- *
| 5 4 1 | 2 7 9 | 3 6 8 |
| 2 3 8 | 5 6 4 | 9 1 7 |
| 7 9 6 | 8 1 3 | 4 2 5 |
* ----- + ----- + ----- *

Unpacking...
The 208th solution:
* ----- + ----- + ----- *
| 8 1 9 | 7 3 2 | 5 4 6 |
| 4 2 3 | 6 5 8 | 1 7 9 |
| 6 7 5 | 4 9 1 | 2 8 3 |
* ----- + ----- + ----- *
| 1 5 4 | 3 8 7 | 6 9 2 |
| 3 8 2 | 9 4 6 | 7 5 1 |
| 9 6 7 | 1 2 5 | 8 3 4 |
* ----- + ----- + ----- *
| 5 4 1 | 2 7 9 | 3 6 8 |
| 2 3 8 | 5 6 4 | 9 1 7 |
| 7 9 6 | 8 1 3 | 4 2 5 |
* ----- + ----- + ----- *

Unpacking...
The 209th solution:
* ----- + ----- + ----- *
| 8 6 4 | 7 5 2 | 1 9 3 |
| 9 2 3 | 6 8 1 | 5 7 4 |
| 1 7 5 | 4 9 3 | 2 8 6 |
* ----- + ----- + ----- *
| 6 5 2 | 9 3 7 | 8 4 1 |
| 3 1 9 | 8 4 6 | 7 2 5 |
| 4 8 7 | 1 2 5 | 6 3 9 |
* ----- + ----- + ----- *
| 5 4 1 | 2 7 9 | 3 6 8 |
| 2 3 8 | 5 6 4 | 9 1 7 |
| 7 9 6 | 3 1 8 | 4 5 2 |
* ----- + ----- + ----- *

Unpacking...
The 210th solution:
* ----- + ----- + ----- *
| 8 6 9 | 7 5 2 | 1 4 3 |
| 4 2 3 | 6 8 1 | 5 7 9 |
| 1 7 5 | 4 9 3 | 2 8 6 |
* ----- + ----- + ----- *
| 6 5 4 | 9 3 7 | 8 2 1 |
| 3 1 2 | 8 4 6 | 7 9 5 |
| 9 8 7 | 1 2 5 | 6 3 4 |
* ----- + ----- + ----- *
| 5 4 1 | 2 7 9 | 3 6 8 |
| 2 3 8 | 5 6 4 | 9 1 7 |
| 7 9 6 | 3 1 8 | 4 5 2 |
* ----- + ----- + ----- *

Unpacking...
The 211th solution:
* ----- + ----- + ----- *
| 8 2 4 | 7 5 3 | 1 9 6 |
| 9 1 3 | 6 8 2 | 5 7 4 |
| 6 7 5 | 4 9 1 | 2 8 3 |
* ----- + ----- + ----- *
| 1 5 9 | 8 3 7 | 6 4 2 |
| 3 8 2 | 9 4 6 | 7 5 1 |
| 4 6 7 | 1 2 5 | 8 3 9 |
* ----- + ----- + ----- *
| 5 4 1 | 2 7 9 | 3 6 8 |
| 2 3 8 | 5 6 4 | 9 1 7 |
| 7 9 6 | 3 1 8 | 4 2 5 |
* ----- + ----- + ----- *

Unpacking...
The 212th solution:
* ----- + ----- + ----- *
| 8 2 9 | 7 5 3 | 1 4 6 |
| 4 1 3 | 6 8 2 | 5 7 9 |
| 6 7 5 | 4 9 1 | 2 8 3 |
* ----- + ----- + ----- *
| 1 5 4 | 8 3 7 | 6 9 2 |
| 3 8 2 | 9 4 6 | 7 5 1 |
| 9 6 7 | 1 2 5 | 8 3 4 |
* ----- + ----- + ----- *
| 5 4 1 | 2 7 9 | 3 6 8 |
| 2 3 8 | 5 6 4 | 9 1 7 |
| 7 9 6 | 3 1 8 | 4 2 5 |
* ----- + ----- + ----- *

Unpacking...
The 213th solution:
* ----- + ----- + ----- *
| 8 6 4 | 7 5 2 | 1 9 3 |
| 9 2 3 | 6 8 1 | 5 7 4 |
| 1 7 5 | 4 9 3 | 2 8 6 |
* ----- + ----- + ----- *
| 6 5 2 | 9 3 7 | 8 4 1 |
| 3 1 9 | 8 4 6 | 7 5 2 |
| 4 8 7 | 1 2 5 | 6 3 9 |
* ----- + ----- + ----- *
| 5 4 1 | 2 7 9 | 3 6 8 |
| 2 3 8 | 5 6 4 | 9 1 7 |
| 7 9 6 | 3 1 8 | 4 2 5 |
* ----- + ----- + ----- *

Unpacking...
The 214th solution:
* ----- + ----- + ----- *
| 8 1 4 | 7 5 2 | 6 9 3 |
| 9 2 3 | 6 1 8 | 5 7 4 |
| 6 7 5 | 4 9 3 | 2 8 1 |
* ----- + ----- + ----- *
| 3 5 2 | 9 8 7 | 1 4 6 |
| 1 8 9 | 3 4 6 | 7 2 5 |
| 4 6 7 | 1 2 5 | 8 3 9 |
* ----- + ----- + ----- *
| 5 3 1 | 2 7 4 | 9 6 8 |
| 2 4 8 | 5 6 9 | 3 1 7 |
| 7 9 6 | 8 3 1 | 4 5 2 |
* ----- + ----- + ----- *

Unpacking...
The 215th solution:
* ----- + ----- + ----- *
| 8 1 9 | 7 5 2 | 6 4 3 |
| 4 2 3 | 6 1 8 | 5 7 9 |
| 6 7 5 | 4 9 3 | 2 8 1 |
* ----- + ----- + ----- *
| 3 5 4 | 9 8 7 | 1 2 6 |
| 1 8 2 | 3 4 6 | 7 9 5 |
| 9 6 7 | 1 2 5 | 8 3 4 |
* ----- + ----- + ----- *
| 5 3 1 | 2 7 4 | 9 6 8 |
| 2 4 8 | 5 6 9 | 3 1 7 |
| 7 9 6 | 8 3 1 | 4 5 2 |
* ----- + ----- + ----- *

Unpacking...
The 216th solution:
* ----- + ----- + ----- *
| 8 1 4 | 7 5 2 | 6 9 3 |
| 9 2 3 | 6 1 8 | 5 7 4 |
| 6 7 5 | 4 9 3 | 2 8 1 |
* ----- + ----- + ----- *
| 3 5 2 | 9 8 7 | 1 4 6 |
| 1 8 9 | 3 4 6 | 7 5 2 |
| 4 6 7 | 1 2 5 | 8 3 9 |
* ----- + ----- + ----- *
| 5 3 1 | 2 7 4 | 9 6 8 |
| 2 4 8 | 5 6 9 | 3 1 7 |
| 7 9 6 | 8 3 1 | 4 2 5 |
* ----- + ----- + ----- *

Unpacking...
The 217th solution:
* ----- + ----- + ----- *
| 8 6 4 | 7 5 2 | 1 9 3 |
| 9 2 3 | 6 1 8 | 5 7 4 |
| 1 7 5 | 4 9 3 | 2 8 6 |
* ----- + ----- + ----- *
| 6 5 2 | 9 3 7 | 8 4 1 |
| 3 1 9 | 8 4 6 | 7 2 5 |
| 4 8 7 | 1 2 5 | 6 3 9 |
* ----- + ----- + ----- *
| 5 3 1 | 2 7 4 | 9 6 8 |
| 2 4 8 | 5 6 9 | 3 1 7 |
| 7 9 6 | 3 8 1 | 4 5 2 |
* ----- + ----- + ----- *

Unpacking...
The 218th solution:
* ----- + ----- + ----- *
| 8 6 4 | 7 1 2 | 5 9 3 |
| 9 2 3 | 6 5 8 | 1 7 4 |
| 1 7 5 | 4 9 3 | 2 8 6 |
* ----- + ----- + ----- *
| 6 5 2 | 9 3 7 | 8 4 1 |
| 3 1 9 | 8 4 6 | 7 2 5 |
| 4 8 7 | 1 2 5 | 6 3 9 |
* ----- + ----- + ----- *
| 5 3 1 | 2 7 4 | 9 6 8 |
| 2 4 8 | 5 6 9 | 3 1 7 |
| 7 9 6 | 3 8 1 | 4 5 2 |
* ----- + ----- + ----- *

Unpacking...
The 219th solution:
* ----- + ----- + ----- *
| 8 6 9 | 7 5 2 | 1 4 3 |
| 4 2 3 | 6 1 8 | 5 7 9 |
| 1 7 5 | 4 9 3 | 2 8 6 |
* ----- + ----- + ----- *
| 6 5 4 | 9 3 7 | 8 2 1 |
| 3 1 2 | 8 4 6 | 7 9 5 |
| 9 8 7 | 1 2 5 | 6 3 4 |
* ----- + ----- + ----- *
| 5 3 1 | 2 7 4 | 9 6 8 |
| 2 4 8 | 5 6 9 | 3 1 7 |
| 7 9 6 | 3 8 1 | 4 5 2 |
* ----- + ----- + ----- *

Unpacking...
The 220th solution:
* ----- + ----- + ----- *
| 8 6 9 | 7 1 2 | 5 4 3 |
| 4 2 3 | 6 5 8 | 1 7 9 |
| 1 7 5 | 4 9 3 | 2 8 6 |
* ----- + ----- + ----- *
| 6 5 4 | 9 3 7 | 8 2 1 |
| 3 1 2 | 8 4 6 | 7 9 5 |
| 9 8 7 | 1 2 5 | 6 3 4 |
* ----- + ----- + ----- *
| 5 3 1 | 2 7 4 | 9 6 8 |
| 2 4 8 | 5 6 9 | 3 1 7 |
| 7 9 6 | 3 8 1 | 4 5 2 |
* ----- + ----- + ----- *

Unpacking...
The 221th solution:
* ----- + ----- + ----- *
| 8 6 4 | 7 5 2 | 1 9 3 |
| 9 2 3 | 6 1 8 | 5 7 4 |
| 1 7 5 | 4 9 3 | 2 8 6 |
* ----- + ----- + ----- *
| 6 5 2 | 9 3 7 | 8 4 1 |
| 3 1 9 | 8 4 6 | 7 5 2 |
| 4 8 7 | 1 2 5 | 6 3 9 |
* ----- + ----- + ----- *
| 5 3 1 | 2 7 4 | 9 6 8 |
| 2 4 8 | 5 6 9 | 3 1 7 |
| 7 9 6 | 3 8 1 | 4 2 5 |
* ----- + ----- + ----- *

Unpacking...
The 222th solution:
* ----- + ----- + ----- *
| 8 6 4 | 7 1 2 | 5 9 3 |
| 9 2 3 | 6 5 8 | 1 7 4 |
| 1 7 5 | 4 9 3 | 2 8 6 |
* ----- + ----- + ----- *
| 6 5 2 | 9 3 7 | 8 4 1 |
| 3 1 9 | 8 4 6 | 7 5 2 |
| 4 8 7 | 1 2 5 | 6 3 9 |
* ----- + ----- + ----- *
| 5 3 1 | 2 7 4 | 9 6 8 |
| 2 4 8 | 5 6 9 | 3 1 7 |
| 7 9 6 | 3 8 1 | 4 2 5 |
* ----- + ----- + ----- *

Unpacking...
The 223th solution:
* ----- + ----- + ----- *
| 8 1 4 | 7 3 2 | 5 9 6 |
| 9 2 3 | 6 5 8 | 1 7 4 |
| 6 7 5 | 4 9 1 | 2 8 3 |
* ----- + ----- + ----- *
| 3 5 2 | 9 8 7 | 6 4 1 |
| 1 8 9 | 3 4 6 | 7 2 5 |
| 4 6 7 | 1 2 5 | 8 3 9 |
* ----- + ----- + ----- *
| 5 3 1 | 2 7 4 | 9 6 8 |
| 2 4 8 | 5 6 9 | 3 1 7 |
| 7 9 6 | 8 1 3 | 4 5 2 |
* ----- + ----- + ----- *

Unpacking...
The 224th solution:
* ----- + ----- + ----- *
| 8 1 9 | 7 3 2 | 5 4 6 |
| 4 2 3 | 6 5 8 | 1 7 9 |
| 6 7 5 | 4 9 1 | 2 8 3 |
* ----- + ----- + ----- *
| 3 5 4 | 9 8 7 | 6 2 1 |
| 1 8 2 | 3 4 6 | 7 9 5 |
| 9 6 7 | 1 2 5 | 8 3 4 |
* ----- + ----- + ----- *
| 5 3 1 | 2 7 4 | 9 6 8 |
| 2 4 8 | 5 6 9 | 3 1 7 |
| 7 9 6 | 8 1 3 | 4 5 2 |
* ----- + ----- + ----- *

Unpacking...
The 225th solution:
* ----- + ----- + ----- *
| 8 1 4 | 7 3 2 | 5 9 6 |
| 9 2 3 | 6 5 8 | 1 7 4 |
| 6 7 5 | 4 9 1 | 2 8 3 |
* ----- + ----- + ----- *
| 1 5 9 | 3 8 7 | 6 4 2 |
| 3 8 2 | 9 4 6 | 7 5 1 |
| 4 6 7 | 1 2 5 | 8 3 9 |
* ----- + ----- + ----- *
| 5 3 1 | 2 7 4 | 9 6 8 |
| 2 4 8 | 5 6 9 | 3 1 7 |
| 7 9 6 | 8 1 3 | 4 2 5 |
* ----- + ----- + ----- *

Unpacking...
The 226th solution:
* ----- + ----- + ----- *
| 8 1 4 | 7 3 2 | 5 9 6 |
| 9 2 3 | 6 5 8 | 1 7 4 |
| 6 7 5 | 4 9 1 | 2 8 3 |
* ----- + ----- + ----- *
| 3 5 2 | 9 8 7 | 6 4 1 |
| 1 8 9 | 3 4 6 | 7 5 2 |
| 4 6 7 | 1 2 5 | 8 3 9 |
* ----- + ----- + ----- *
| 5 3 1 | 2 7 4 | 9 6 8 |
| 2 4 8 | 5 6 9 | 3 1 7 |
| 7 9 6 | 8 1 3 | 4 2 5 |
* ----- + ----- + ----- *

Unpacking...
The 227th solution:
* ----- + ----- + ----- *
| 8 1 9 | 7 3 2 | 5 4 6 |
| 4 2 3 | 6 5 8 | 1 7 9 |
| 6 7 5 | 4 9 1 | 2 8 3 |
* ----- + ----- + ----- *
| 1 5 4 | 3 8 7 | 6 9 2 |
| 3 8 2 | 9 4 6 | 7 5 1 |
| 9 6 7 | 1 2 5 | 8 3 4 |
* ----- + ----- + ----- *
| 5 3 1 | 2 7 4 | 9 6 8 |
| 2 4 8 | 5 6 9 | 3 1 7 |
| 7 9 6 | 8 1 3 | 4 2 5 |
* ----- + ----- + ----- *

Unpacking...
The 228th solution:
* ----- + ----- + ----- *
| 8 6 4 | 7 5 2 | 1 9 3 |
| 9 2 3 | 6 8 1 | 5 7 4 |
| 1 7 5 | 4 9 3 | 2 8 6 |
* ----- + ----- + ----- *
| 6 5 2 | 9 3 7 | 8 4 1 |
| 3 1 9 | 8 4 6 | 7 2 5 |
| 4 8 7 | 1 2 5 | 6 3 9 |
* ----- + ----- + ----- *
| 5 3 1 | 2 7 4 | 9 6 8 |
| 2 4 8 | 5 6 9 | 3 1 7 |
| 7 9 6 | 3 1 8 | 4 5 2 |
* ----- + ----- + ----- *

Unpacking...
The 229th solution:
* ----- + ----- + ----- *
| 8 6 9 | 7 5 2 | 1 4 3 |
| 4 2 3 | 6 8 1 | 5 7 9 |
| 1 7 5 | 4 9 3 | 2 8 6 |
* ----- + ----- + ----- *
| 6 5 4 | 9 3 7 | 8 2 1 |
| 3 1 2 | 8 4 6 | 7 9 5 |
| 9 8 7 | 1 2 5 | 6 3 4 |
* ----- + ----- + ----- *
| 5 3 1 | 2 7 4 | 9 6 8 |
| 2 4 8 | 5 6 9 | 3 1 7 |
| 7 9 6 | 3 1 8 | 4 5 2 |
* ----- + ----- + ----- *

Unpacking...
The 230th solution:
* ----- + ----- + ----- *
| 8 2 4 | 7 5 3 | 1 9 6 |
| 9 1 3 | 6 8 2 | 5 7 4 |
| 6 7 5 | 4 9 1 | 2 8 3 |
* ----- + ----- + ----- *
| 1 5 9 | 8 3 7 | 6 4 2 |
| 3 8 2 | 9 4 6 | 7 5 1 |
| 4 6 7 | 1 2 5 | 8 3 9 |
* ----- + ----- + ----- *
| 5 3 1 | 2 7 4 | 9 6 8 |
| 2 4 8 | 5 6 9 | 3 1 7 |
| 7 9 6 | 3 1 8 | 4 2 5 |
* ----- + ----- + ----- *

Unpacking...
The 231th solution:
* ----- + ----- + ----- *
| 8 2 9 | 7 5 3 | 1 4 6 |
| 4 1 3 | 6 8 2 | 5 7 9 |
| 6 7 5 | 4 9 1 | 2 8 3 |
* ----- + ----- + ----- *
| 1 5 4 | 8 3 7 | 6 9 2 |
| 3 8 2 | 9 4 6 | 7 5 1 |
| 9 6 7 | 1 2 5 | 8 3 4 |
* ----- + ----- + ----- *
| 5 3 1 | 2 7 4 | 9 6 8 |
| 2 4 8 | 5 6 9 | 3 1 7 |
| 7 9 6 | 3 1 8 | 4 2 5 |
* ----- + ----- + ----- *

Unpacking...
The 232th solution:
* ----- + ----- + ----- *
| 8 6 4 | 7 5 2 | 1 9 3 |
| 9 2 3 | 6 8 1 | 5 7 4 |
| 1 7 5 | 4 9 3 | 2 8 6 |
* ----- + ----- + ----- *
| 6 5 2 | 9 3 7 | 8 4 1 |
| 3 1 9 | 8 4 6 | 7 5 2 |
| 4 8 7 | 1 2 5 | 6 3 9 |
* ----- + ----- + ----- *
| 5 3 1 | 2 7 4 | 9 6 8 |
| 2 4 8 | 5 6 9 | 3 1 7 |
| 7 9 6 | 3 1 8 | 4 2 5 |
* ----- + ----- + ----- *

Unpacking...
The 233th solution:
* ----- + ----- + ----- *
| 8 6 2 | 7 5 1 | 3 9 4 |
| 9 4 3 | 6 8 2 | 1 7 5 |
| 1 7 5 | 4 9 3 | 2 8 6 |
* ----- + ----- + ----- *
| 2 5 9 | 3 6 7 | 8 4 1 |
| 3 1 6 | 9 4 8 | 7 5 2 |
| 7 8 4 | 1 2 5 | 6 3 9 |
* ----- + ----- + ----- *
| 4 3 1 | 2 7 9 | 5 6 8 |
| 6 2 8 | 5 3 4 | 9 1 7 |
| 5 9 7 | 8 1 6 | 4 2 3 |
* ----- + ----- + ----- *

Unpacking...
The 234th solution:
* ----- + ----- + ----- *
| 8 6 2 | 7 5 1 | 3 4 9 |
| 9 4 3 | 6 8 2 | 1 7 5 |
| 1 7 5 | 4 9 3 | 2 8 6 |
* ----- + ----- + ----- *
| 2 5 4 | 3 6 7 | 8 9 1 |
| 3 1 6 | 9 4 8 | 7 5 2 |
| 7 8 9 | 1 2 5 | 6 3 4 |
* ----- + ----- + ----- *
| 4 3 1 | 2 7 9 | 5 6 8 |
| 6 2 8 | 5 3 4 | 9 1 7 |
| 5 9 7 | 8 1 6 | 4 2 3 |
* ----- + ----- + ----- *

Unpacking...
The 235th solution:
* ----- + ----- + ----- *
| 8 1 5 | 4 7 2 | 3 9 6 |
| 9 2 3 | 6 5 8 | 1 7 4 |
| 6 7 4 | 3 9 1 | 2 8 5 |
* ----- + ----- + ----- *
| 3 5 9 | 2 8 7 | 6 4 1 |
| 1 8 6 | 9 4 3 | 7 5 2 |
| 7 4 2 | 1 6 5 | 8 3 9 |
* ----- + ----- + ----- *
| 4 3 1 | 7 2 9 | 5 6 8 |
| 2 6 8 | 5 3 4 | 9 1 7 |
| 5 9 7 | 8 1 6 | 4 2 3 |
* ----- + ----- + ----- *

Unpacking...
The 236th solution:
* ----- + ----- + ----- *
| 8 1 5 | 4 7 2 | 3 9 6 |
| 9 2 3 | 6 5 8 | 1 7 4 |
| 6 7 4 | 3 9 1 | 2 8 5 |
* ----- + ----- + ----- *
| 3 5 9 | 2 6 7 | 8 4 1 |
| 1 8 6 | 9 4 3 | 7 5 2 |
| 7 4 2 | 1 8 5 | 6 3 9 |
* ----- + ----- + ----- *
| 4 3 1 | 7 2 9 | 5 6 8 |
| 2 6 8 | 5 3 4 | 9 1 7 |
| 5 9 7 | 8 1 6 | 4 2 3 |
* ----- + ----- + ----- *

Unpacking...
The 237th solution:
* ----- + ----- + ----- *
| 8 1 5 | 4 7 2 | 3 9 6 |
| 9 2 3 | 6 5 8 | 1 7 4 |
| 6 7 4 | 3 9 1 | 2 8 5 |
* ----- + ----- + ----- *
| 3 5 2 | 9 8 7 | 6 4 1 |
| 1 8 6 | 2 4 3 | 7 5 9 |
| 7 4 9 | 1 6 5 | 8 3 2 |
* ----- + ----- + ----- *
| 4 3 1 | 7 2 9 | 5 6 8 |
| 2 6 8 | 5 3 4 | 9 1 7 |
| 5 9 7 | 8 1 6 | 4 2 3 |
* ----- + ----- + ----- *

Unpacking...
The 238th solution:
* ----- + ----- + ----- *
| 8 1 5 | 4 7 2 | 3 9 6 |
| 9 2 3 | 6 5 8 | 1 7 4 |
| 6 7 4 | 3 9 1 | 2 8 5 |
* ----- + ----- + ----- *
| 3 5 2 | 9 6 7 | 8 4 1 |
| 1 8 6 | 2 4 3 | 7 5 9 |
| 7 4 9 | 1 8 5 | 6 3 2 |
* ----- + ----- + ----- *
| 4 3 1 | 7 2 9 | 5 6 8 |
| 2 6 8 | 5 3 4 | 9 1 7 |
| 5 9 7 | 8 1 6 | 4 2 3 |
* ----- + ----- + ----- *

Unpacking...
The 239th solution:
* ----- + ----- + ----- *
| 8 2 6 | 7 5 1 | 3 9 4 |
| 9 4 3 | 6 8 2 | 1 7 5 |
| 1 7 5 | 4 9 3 | 2 8 6 |
* ----- + ----- + ----- *
| 3 5 2 | 9 6 7 | 8 4 1 |
| 6 1 9 | 3 4 8 | 7 5 2 |
| 7 8 4 | 1 2 5 | 6 3 9 |
* ----- + ----- + ----- *
| 4 3 1 | 2 7 9 | 5 6 8 |
| 2 6 8 | 5 3 4 | 9 1 7 |
| 5 9 7 | 8 1 6 | 4 2 3 |
* ----- + ----- + ----- *

Unpacking...
The 240th solution:
* ----- + ----- + ----- *
| 8 1 5 | 7 2 4 | 3 9 6 |
| 9 2 3 | 6 5 8 | 1 7 4 |
| 6 7 4 | 3 9 1 | 2 8 5 |
* ----- + ----- + ----- *
| 3 5 9 | 2 8 7 | 6 4 1 |
| 1 8 6 | 9 4 3 | 7 5 2 |
| 7 4 2 | 1 6 5 | 8 3 9 |
* ----- + ----- + ----- *
| 2 3 1 | 4 7 9 | 5 6 8 |
| 4 6 8 | 5 3 2 | 9 1 7 |
| 5 9 7 | 8 1 6 | 4 2 3 |
* ----- + ----- + ----- *

Unpacking...
The 241th solution:
* ----- + ----- + ----- *
| 8 1 5 | 7 2 4 | 3 9 6 |
| 9 2 3 | 6 5 8 | 1 7 4 |
| 6 7 4 | 3 9 1 | 2 8 5 |
* ----- + ----- + ----- *
| 3 5 9 | 2 6 7 | 8 4 1 |
| 1 8 6 | 9 4 3 | 7 5 2 |
| 7 4 2 | 1 8 5 | 6 3 9 |
* ----- + ----- + ----- *
| 2 3 1 | 4 7 9 | 5 6 8 |
| 4 6 8 | 5 3 2 | 9 1 7 |
| 5 9 7 | 8 1 6 | 4 2 3 |
* ----- + ----- + ----- *

Unpacking...
The 242th solution:
* ----- + ----- + ----- *
| 8 2 4 | 7 5 1 | 3 9 6 |
| 9 1 3 | 6 2 4 | 8 7 5 |
| 6 7 5 | 3 9 8 | 2 4 1 |
* ----- + ----- + ----- *
| 3 5 9 | 2 6 7 | 1 8 4 |
| 1 8 6 | 9 4 3 | 7 5 2 |
| 7 4 2 | 1 8 5 | 6 3 9 |
* ----- + ----- + ----- *
| 2 3 1 | 4 7 9 | 5 6 8 |
| 4 6 8 | 5 3 2 | 9 1 7 |
| 5 9 7 | 8 1 6 | 4 2 3 |
* ----- + ----- + ----- *

Unpacking...
The 243th solution:
* ----- + ----- + ----- *
| 8 1 2 | 7 5 4 | 3 9 6 |
| 9 4 3 | 6 2 8 | 1 7 5 |
| 6 7 5 | 3 9 1 | 2 8 4 |
* ----- + ----- + ----- *
| 3 5 9 | 2 8 7 | 6 4 1 |
| 1 8 6 | 9 4 3 | 7 5 2 |
| 7 2 4 | 1 6 5 | 8 3 9 |
* ----- + ----- + ----- *
| 2 3 1 | 4 7 9 | 5 6 8 |
| 4 6 8 | 5 3 2 | 9 1 7 |
| 5 9 7 | 8 1 6 | 4 2 3 |
* ----- + ----- + ----- *

Unpacking...
The 244th solution:
* ----- + ----- + ----- *
| 8 1 2 | 7 5 4 | 3 9 6 |
| 9 4 3 | 6 2 8 | 1 7 5 |
| 6 7 5 | 3 9 1 | 2 8 4 |
* ----- + ----- + ----- *
| 3 5 9 | 2 6 7 | 8 4 1 |
| 1 8 6 | 9 4 3 | 7 5 2 |
| 7 2 4 | 1 8 5 | 6 3 9 |
* ----- + ----- + ----- *
| 2 3 1 | 4 7 9 | 5 6 8 |
| 4 6 8 | 5 3 2 | 9 1 7 |
| 5 9 7 | 8 1 6 | 4 2 3 |
* ----- + ----- + ----- *

Unpacking...
The 245th solution:
* ----- + ----- + ----- *
| 8 4 2 | 7 5 1 | 3 9 6 |
| 9 1 3 | 6 2 4 | 8 7 5 |
| 6 7 5 | 3 9 8 | 2 4 1 |
* ----- + ----- + ----- *
| 3 5 9 | 2 6 7 | 1 8 4 |
| 1 8 6 | 9 4 3 | 7 5 2 |
| 7 2 4 | 1 8 5 | 6 3 9 |
* ----- + ----- + ----- *
| 2 3 1 | 4 7 9 | 5 6 8 |
| 4 6 8 | 5 3 2 | 9 1 7 |
| 5 9 7 | 8 1 6 | 4 2 3 |
* ----- + ----- + ----- *

Unpacking...
The 246th solution:
* ----- + ----- + ----- *
| 8 1 2 | 7 5 4 | 3 9 6 |
| 9 4 3 | 6 2 1 | 8 7 5 |
| 6 7 5 | 3 9 8 | 2 4 1 |
* ----- + ----- + ----- *
| 3 5 9 | 2 6 7 | 1 8 4 |
| 1 8 6 | 9 4 3 | 7 5 2 |
| 7 2 4 | 1 8 5 | 6 3 9 |
* ----- + ----- + ----- *
| 2 3 1 | 4 7 9 | 5 6 8 |
| 4 6 8 | 5 3 2 | 9 1 7 |
| 5 9 7 | 8 1 6 | 4 2 3 |
* ----- + ----- + ----- *

Unpacking...
The 247th solution:
* ----- + ----- + ----- *
| 8 4 2 | 7 5 1 | 3 9 6 |
| 9 1 3 | 6 2 4 | 8 7 5 |
| 6 7 5 | 3 9 8 | 2 4 1 |
* ----- + ----- + ----- *
| 3 5 4 | 9 6 7 | 1 8 2 |
| 1 8 6 | 2 4 3 | 7 5 9 |
| 7 2 9 | 1 8 5 | 6 3 4 |
* ----- + ----- + ----- *
| 2 3 1 | 4 7 9 | 5 6 8 |
| 4 6 8 | 5 3 2 | 9 1 7 |
| 5 9 7 | 8 1 6 | 4 2 3 |
* ----- + ----- + ----- *

Unpacking...
The 248th solution:
* ----- + ----- + ----- *
| 8 1 2 | 7 5 4 | 3 9 6 |
| 9 4 3 | 6 2 1 | 8 7 5 |
| 6 7 5 | 3 9 8 | 2 4 1 |
* ----- + ----- + ----- *
| 3 5 4 | 9 6 7 | 1 8 2 |
| 1 8 6 | 2 4 3 | 7 5 9 |
| 7 2 9 | 1 8 5 | 6 3 4 |
* ----- + ----- + ----- *
| 2 3 1 | 4 7 9 | 5 6 8 |
| 4 6 8 | 5 3 2 | 9 1 7 |
| 5 9 7 | 8 1 6 | 4 2 3 |
* ----- + ----- + ----- *

Unpacking...
The 249th solution:
* ----- + ----- + ----- *
| 8 4 2 | 7 5 1 | 3 9 6 |
| 9 1 3 | 6 2 4 | 8 7 5 |
| 6 7 5 | 3 9 8 | 2 4 1 |
* ----- + ----- + ----- *
| 3 5 4 | 2 6 7 | 1 8 9 |
| 1 8 6 | 9 4 3 | 7 5 2 |
| 7 2 9 | 1 8 5 | 6 3 4 |
* ----- + ----- + ----- *
| 2 3 1 | 4 7 9 | 5 6 8 |
| 4 6 8 | 5 3 2 | 9 1 7 |
| 5 9 7 | 8 1 6 | 4 2 3 |
* ----- + ----- + ----- *

Unpacking...
The 250th solution:
* ----- + ----- + ----- *
| 8 1 2 | 7 5 4 | 3 9 6 |
| 9 4 3 | 6 2 1 | 8 7 5 |
| 6 7 5 | 3 9 8 | 2 4 1 |
* ----- + ----- + ----- *
| 3 5 4 | 2 6 7 | 1 8 9 |
| 1 8 6 | 9 4 3 | 7 5 2 |
| 7 2 9 | 1 8 5 | 6 3 4 |
* ----- + ----- + ----- *
| 2 3 1 | 4 7 9 | 5 6 8 |
| 4 6 8 | 5 3 2 | 9 1 7 |
| 5 9 7 | 8 1 6 | 4 2 3 |
* ----- + ----- + ----- *

Unpacking...
The 251th solution:
* ----- + ----- + ----- *
| 8 1 5 | 7 2 4 | 3 9 6 |
| 9 2 3 | 6 5 8 | 1 7 4 |
| 6 7 4 | 3 9 1 | 2 8 5 |
* ----- + ----- + ----- *
| 3 5 2 | 9 8 7 | 6 4 1 |
| 1 8 6 | 2 4 3 | 7 5 9 |
| 7 4 9 | 1 6 5 | 8 3 2 |
* ----- + ----- + ----- *
| 2 3 1 | 4 7 9 | 5 6 8 |
| 4 6 8 | 5 3 2 | 9 1 7 |
| 5 9 7 | 8 1 6 | 4 2 3 |
* ----- + ----- + ----- *

Unpacking...
The 252th solution:
* ----- + ----- + ----- *
| 8 1 5 | 7 2 4 | 3 9 6 |
| 9 2 3 | 6 5 8 | 1 7 4 |
| 6 7 4 | 3 9 1 | 2 8 5 |
* ----- + ----- + ----- *
| 3 5 2 | 9 6 7 | 8 4 1 |
| 1 8 6 | 2 4 3 | 7 5 9 |
| 7 4 9 | 1 8 5 | 6 3 2 |
* ----- + ----- + ----- *
| 2 3 1 | 4 7 9 | 5 6 8 |
| 4 6 8 | 5 3 2 | 9 1 7 |
| 5 9 7 | 8 1 6 | 4 2 3 |
* ----- + ----- + ----- *

Unpacking...
The 253th solution:
* ----- + ----- + ----- *
| 8 2 4 | 7 5 1 | 3 9 6 |
| 9 1 3 | 6 2 4 | 8 7 5 |
| 6 7 5 | 3 9 8 | 2 4 1 |
* ----- + ----- + ----- *
| 3 5 2 | 9 6 7 | 1 8 4 |
| 1 8 6 | 2 4 3 | 7 5 9 |
| 7 4 9 | 1 8 5 | 6 3 2 |
* ----- + ----- + ----- *
| 2 3 1 | 4 7 9 | 5 6 8 |
| 4 6 8 | 5 3 2 | 9 1 7 |
| 5 9 7 | 8 1 6 | 4 2 3 |
* ----- + ----- + ----- *

Unpacking...
The 254th solution:
* ----- + ----- + ----- *
| 8 6 2 | 7 5 4 | 1 9 3 |
| 9 1 3 | 6 2 8 | 5 7 4 |
| 4 7 5 | 3 9 1 | 2 8 6 |
* ----- + ----- + ----- *
| 1 5 6 | 9 3 7 | 8 4 2 |
| 3 8 9 | 2 4 6 | 7 5 1 |
| 7 2 4 | 1 8 5 | 6 3 9 |
* ----- + ----- + ----- *
| 5 3 1 | 4 7 2 | 9 6 8 |
| 2 4 8 | 5 6 9 | 3 1 7 |
| 6 9 7 | 8 1 3 | 4 2 5 |
* ----- + ----- + ----- *

Total number of iterations: 27011840
Elapsed time is 141.665586 seconds.
