(base) meteor@MacPorts:~/Desktop/Sudoku_ptah_training_model$ python main.py
Loading ./input/puzzles/rohit_shreekant.grid
  27 clues given.
* ----- + ----- + ----- *
| 8     | 4   6 |     7 |
|       |       | 4     |
|   1   |       | 6 5   |
* ----- + ----- + ----- *
| 5   9 |   3   | 7 8   |
|       |   7   |       |
|   4 8 |   2   | 1   3 |
* ----- + ----- + ----- *
|   5 2 |       |   9   |
|     1 |       |       |
| 3     | 9   2 |     5 |
* ----- + ----- + ----- *

Searching for singletons iteratively...
   4 singleton(s) found!
   3 singleton(s) found!
   2 singleton(s) found!
   1 singleton(s) found!
   1 singleton(s) found!
   1 singleton(s) found!
   2 singleton(s) found!
   2 singleton(s) found!
   1 singleton(s) found!

Searching for valid solutions...
    5 permutations found for Box (0, 0)!
   34 permutations found for Box (0, 1)!
    6 permutations found for Box (0, 2)!
There are  29 valid solutions for Area 0.
----------------------------------------
    3 permutations found for Box (1, 0)!
    2 permutations found for Box (1, 1)!
    2 permutations found for Box (1, 2)!
There are   3 valid solutions for Area 1.
----------------------------------------
    2 permutations found for Box (2, 0)!
   28 permutations found for Box (2, 1)!
    3 permutations found for Box (2, 2)!
There are  22 valid solutions for Area 2.
----------------------------------------
Using multiprocessing.cpu_count()...
Too many jobs planned!
Iterating globally (3 jobs)...
Unpacking...
The 1th solution:
* ----- + ----- + ----- *
| 8 3 5 | 4 1 6 | 9 2 7 |
| 2 9 6 | 8 5 7 | 4 3 1 |
| 4 1 7 | 2 9 3 | 6 5 8 |
* ----- + ----- + ----- *
| 5 6 9 | 1 3 4 | 7 8 2 |
| 1 2 3 | 6 7 8 | 5 4 9 |
| 7 4 8 | 5 2 9 | 1 6 3 |
* ----- + ----- + ----- *
| 6 5 2 | 7 8 1 | 3 9 4 |
| 9 8 1 | 3 4 5 | 2 7 6 |
| 3 7 4 | 9 6 2 | 8 1 5 |
* ----- + ----- + ----- *

Total number of iterations: 145
Elapsed time is 0.263759 seconds.

Searching for singletons iteratively...
   4 singleton(s) found!
   3 singleton(s) found!
   2 singleton(s) found!
   1 singleton(s) found!
   1 singleton(s) found!
   1 singleton(s) found!
   2 singleton(s) found!
   2 singleton(s) found!
   1 singleton(s) found!

Calling recursively...
Base case triggered!
* ----- + ----- + ----- *
| 8 3 5 | 4 1 6 | 9 2 7 |
| 2 9 6 | 8 5 7 | 4 3 1 |
| 4 1 7 | 2 9 3 | 6 5 8 |
* ----- + ----- + ----- *
| 5 6 9 | 1 3 4 | 7 8 2 |
| 1 2 3 | 6 7 8 | 5 4 9 |
| 7 4 8 | 5 2 9 | 1 6 3 |
* ----- + ----- + ----- *
| 6 5 2 | 7 8 1 | 3 9 4 |
| 9 8 1 | 3 4 5 | 2 7 6 |
| 3 7 4 | 9 6 2 | 8 1 5 |
* ----- + ----- + ----- *

Elapsed time is 0.037257 seconds.

Solving with satisfiability...
The 1th solution:
* ----- + ----- + ----- *
| 8 3 5 | 4 1 6 | 9 2 7 |
| 2 9 6 | 8 5 7 | 4 3 1 |
| 4 1 7 | 2 9 3 | 6 5 8 |
* ----- + ----- + ----- *
| 5 6 9 | 1 3 4 | 7 8 2 |
| 1 2 3 | 6 7 8 | 5 4 9 |
| 7 4 8 | 5 2 9 | 1 6 3 |
* ----- + ----- + ----- *
| 6 5 2 | 7 8 1 | 3 9 4 |
| 9 8 1 | 3 4 5 | 2 7 6 |
| 3 7 4 | 9 6 2 | 8 1 5 |
* ----- + ----- + ----- *

Elapsed time is 0.025002 seconds.

Solving with dancing links...
* ----- + ----- + ----- *
| 8 3 5 | 4 1 6 | 9 2 7 |
| 2 9 6 | 8 5 7 | 4 3 1 |
| 4 1 7 | 2 9 3 | 6 5 8 |
* ----- + ----- + ----- *
| 5 6 9 | 1 3 4 | 7 8 2 |
| 1 2 3 | 6 7 8 | 5 4 9 |
| 7 4 8 | 5 2 9 | 1 6 3 |
* ----- + ----- + ----- *
| 6 5 2 | 7 8 1 | 3 9 4 |
| 9 8 1 | 3 4 5 | 2 7 6 |
| 3 7 4 | 9 6 2 | 8 1 5 |
* ----- + ----- + ----- *

Elapsed time is 0.008155 seconds.

Using TensorFlow backend.
Pretrained model: ./input/models/model.even.h5
Searching for singletons iteratively...
   4 singleton(s) found!
   3 singleton(s) found!
   2 singleton(s) found!
   1 singleton(s) found!
   1 singleton(s) found!
   1 singleton(s) found!
   2 singleton(s) found!
   2 singleton(s) found!
   1 singleton(s) found!

Predicting and filling numbers...
* ----- + ----- + ----- *
| 8 3 5 | 4 1 6 | 9 2 7 |
| 2 9 6 | 8 5 7 | 4 3 1 |
| 4 1 7 | 2 9 3 | 6 5 8 |
* ----- + ----- + ----- *
| 5 6 9 | 1 3 4 | 7 8 2 |
| 1 2 3 | 6 7 8 | 5 4 9 |
| 7 4 8 | 5 2 9 | 1 6 3 |
* ----- + ----- + ----- *
| 6 5 2 | 7 8 1 | 3 9 4 |
| 9 8 1 | 3 4 5 | 2 7 6 |
| 3 7 4 | 9 6 2 | 8 1 5 |
* ----- + ----- + ----- *

The solution is correct.
Elapsed time is 0.198695 seconds.
