(base) meteor@MacPorts:~/Desktop/Sudoku_ptah_training_model$ python main.py
Loading ./input/puzzles/shawn_lee.grid
  37 clues given.
* ----- + ----- + ----- *
|   2 6 |       | 8 1   |
| 3     | 7   8 |     6 |
| 4     |   5   |     7 |
* ----- + ----- + ----- *
|   5   | 1   7 | 6 9   |
|     3 | 9   5 | 1 2   |
|   4   | 3   2 |       |
* ----- + ----- + ----- *
| 1     |   3   |     2 |
| 5     | 2   4 | 3 8 9 |
|   3 8 |       | 4 6   |
* ----- + ----- + ----- *

Searching for singletons iteratively...
  17 singleton(s) found!
  16 singleton(s) found!
   6 singleton(s) found!
   1 singleton(s) found!

Searching for valid solutions...
    1 permutations found for Box (0, 0)!
    1 permutations found for Box (0, 1)!
    1 permutations found for Box (0, 2)!
There are   1 valid solutions for Area 0.
----------------------------------------
    1 permutations found for Box (1, 0)!
    1 permutations found for Box (1, 1)!
    2 permutations found for Box (1, 2)!
There are   2 valid solutions for Area 1.
----------------------------------------
    1 permutations found for Box (2, 0)!
    1 permutations found for Box (2, 1)!
    2 permutations found for Box (2, 2)!
There are   2 valid solutions for Area 2.
----------------------------------------
Using multiprocessing.cpu_count()...
Too many jobs planned!
Iterating globally (1 jobs)...
Unpacking...
The 1th solution:
* ----- + ----- + ----- *
| 7 2 6 | 4 9 3 | 8 1 5 |
| 3 1 5 | 7 2 8 | 9 4 6 |
| 4 8 9 | 6 5 1 | 2 3 7 |
* ----- + ----- + ----- *
| 8 5 2 | 1 4 7 | 6 9 3 |
| 6 7 3 | 9 8 5 | 1 2 4 |
| 9 4 1 | 3 6 2 | 7 5 8 |
* ----- + ----- + ----- *
| 1 9 4 | 8 3 6 | 5 7 2 |
| 5 6 7 | 2 1 4 | 3 8 9 |
| 2 3 8 | 5 7 9 | 4 6 1 |
* ----- + ----- + ----- *

Unpacking...
The 2th solution:
* ----- + ----- + ----- *
| 7 2 6 | 4 9 3 | 8 1 5 |
| 3 1 5 | 7 2 8 | 9 4 6 |
| 4 8 9 | 6 5 1 | 2 3 7 |
* ----- + ----- + ----- *
| 8 5 2 | 1 4 7 | 6 9 3 |
| 6 7 3 | 9 8 5 | 1 2 4 |
| 9 4 1 | 3 6 2 | 5 7 8 |
* ----- + ----- + ----- *
| 1 9 4 | 8 3 6 | 7 5 2 |
| 5 6 7 | 2 1 4 | 3 8 9 |
| 2 3 8 | 5 7 9 | 4 6 1 |
* ----- + ----- + ----- *

Total number of iterations: 4
Elapsed time is 0.133546 seconds.

Searching for singletons iteratively...
  17 singleton(s) found!
  16 singleton(s) found!
   6 singleton(s) found!
   1 singleton(s) found!

Calling recursively...
Base case triggered!
* ----- + ----- + ----- *
| 7 2 6 | 4 9 3 | 8 1 5 |
| 3 1 5 | 7 2 8 | 9 4 6 |
| 4 8 9 | 6 5 1 | 2 3 7 |
* ----- + ----- + ----- *
| 8 5 2 | 1 4 7 | 6 9 3 |
| 6 7 3 | 9 8 5 | 1 2 4 |
| 9 4 1 | 3 6 2 | 5 7 8 |
* ----- + ----- + ----- *
| 1 9 4 | 8 3 6 | 7 5 2 |
| 5 6 7 | 2 1 4 | 3 8 9 |
| 2 3 8 | 5 7 9 | 4 6 1 |
* ----- + ----- + ----- *

Elapsed time is 0.005570 seconds.

Solving with satisfiability...
The 1th solution:
* ----- + ----- + ----- *
| 7 2 6 | 4 9 3 | 8 1 5 |
| 3 1 5 | 7 2 8 | 9 4 6 |
| 4 8 9 | 6 5 1 | 2 3 7 |
* ----- + ----- + ----- *
| 8 5 2 | 1 4 7 | 6 9 3 |
| 6 7 3 | 9 8 5 | 1 2 4 |
| 9 4 1 | 3 6 2 | 7 5 8 |
* ----- + ----- + ----- *
| 1 9 4 | 8 3 6 | 5 7 2 |
| 5 6 7 | 2 1 4 | 3 8 9 |
| 2 3 8 | 5 7 9 | 4 6 1 |
* ----- + ----- + ----- *

The 2th solution:
* ----- + ----- + ----- *
| 7 2 6 | 4 9 3 | 8 1 5 |
| 3 1 5 | 7 2 8 | 9 4 6 |
| 4 8 9 | 6 5 1 | 2 3 7 |
* ----- + ----- + ----- *
| 8 5 2 | 1 4 7 | 6 9 3 |
| 6 7 3 | 9 8 5 | 1 2 4 |
| 9 4 1 | 3 6 2 | 5 7 8 |
* ----- + ----- + ----- *
| 1 9 4 | 8 3 6 | 7 5 2 |
| 5 6 7 | 2 1 4 | 3 8 9 |
| 2 3 8 | 5 7 9 | 4 6 1 |
* ----- + ----- + ----- *

Elapsed time is 0.026399 seconds.

Solving with dancing links...
* ----- + ----- + ----- *
| 7 2 6 | 4 9 3 | 8 1 5 |
| 3 1 5 | 7 2 8 | 9 4 6 |
| 4 8 9 | 6 5 1 | 2 3 7 |
* ----- + ----- + ----- *
| 8 5 2 | 1 4 7 | 6 9 3 |
| 6 7 3 | 9 8 5 | 1 2 4 |
| 9 4 1 | 3 6 2 | 5 7 8 |
* ----- + ----- + ----- *
| 1 9 4 | 8 3 6 | 7 5 2 |
| 5 6 7 | 2 1 4 | 3 8 9 |
| 2 3 8 | 5 7 9 | 4 6 1 |
* ----- + ----- + ----- *

Elapsed time is 0.006080 seconds.

Using TensorFlow backend.
Pretrained model: ./input/models/model.even.h5
Searching for singletons iteratively...
  17 singleton(s) found!
  16 singleton(s) found!
   6 singleton(s) found!
   1 singleton(s) found!

Predicting and filling numbers...
* ----- + ----- + ----- *
| 7 2 6 | 4 9 3 | 8 1 5 |
| 3 1 5 | 7 2 8 | 9 4 6 |
| 4 8 9 | 6 5 1 | 2 3 7 |
* ----- + ----- + ----- *
| 8 5 2 | 1 4 7 | 6 9 3 |
| 6 7 3 | 9 8 5 | 1 2 4 |
| 9 4 1 | 3 6 2 | 7 5 8 |
* ----- + ----- + ----- *
| 1 9 4 | 8 3 6 | 5 7 2 |
| 5 6 7 | 2 1 4 | 3 8 9 |
| 2 3 8 | 5 7 9 | 4 6 1 |
* ----- + ----- + ----- *

The solution is correct.
Elapsed time is 0.064585 seconds.
